[INFO]  Make output directory successfully
[INFO]  Set device[0] success
[INFO]  Init resource success
[INFO]  Init op input success
[INFO]  Prepare op input data success
[INFO]  Matrix A:
  0.850098  0.841309  0.417236  0.336426 0.0190277  0.981934  0.229614  0.471436  0.743164  0.550781  0.773438  0.986816  0.936035  0.143433  0.851074  0.650391
  0.378662  0.765625  0.490234   0.21521  0.547852  0.184082  0.338379  0.317139  0.890625  0.134888  0.498047  0.623047  0.362549  0.742676 0.0364685  0.436523
   0.53418  0.189209 0.0987549  0.671875  0.824219  0.607422  0.103088  0.986328  0.959961  0.804199  0.290039  0.223145  0.247192 0.0535889  0.271729  0.982422
  0.452393  0.950195  0.639648  0.794922  0.2357180.00020957  0.286865  0.114746  0.447998   0.73291  0.604492  0.146484  0.391602  0.285889  0.415771  0.278076
  0.702637  0.131836  0.315674  0.484863  0.680664  0.796387  0.290039  0.378662  0.689941  0.864258  0.981934  0.446533  0.506348  0.481445  0.625977 0.0532227
  0.267578  0.259277  0.4570310.000901699  0.491943  0.415771  0.994629  0.684082  0.633789  0.316406  0.794434  0.341553  0.960938  0.823242 0.0541077  0.980469
  0.776855  0.156738  0.567383  0.852051 0.0103455  0.376709  0.737793  0.348145  0.956055   0.12793  0.445557  0.138794  0.295654  0.517578 0.0224304  0.405273
  0.345459 0.0168762  0.969238  0.490479  0.873047  0.861328  0.938477  0.012413  0.547852  0.898438   0.23938  0.499512  0.791504  0.820312  0.748535  0.817383
  0.744629   0.82666  0.816895  0.322754  0.369873  0.583008  0.235596  0.374268  0.981445  0.777832  0.315918  0.117371  0.820312   0.91748   0.59375  0.467529
  0.321777  0.888184  0.143066   0.31543  0.209961  0.372803  0.761719   0.94043  0.813965  0.865723  0.111267   0.84375  0.521973  0.282227  0.932129   0.10498
  0.294922  0.452637  0.189575  0.660156  0.401367  0.111145  0.599121  0.754883  0.926758  0.246948  0.193726 0.0574341  0.497559   0.30127 0.0673828  0.625488
   0.55957  0.234863  0.142822 0.0653076  0.437744  0.942383  0.861816  0.977051  0.965332  0.348145  0.855469  0.691895  0.291992   0.33667  0.610352  0.755859
  0.518555  0.933105  0.158203  0.172119  0.260986  0.705078  0.869141  0.167603    0.4104  0.949707  0.305664  0.293701  0.148926  0.305176  0.499512  0.631836
  0.830566  0.285156  0.305664 0.0855713  0.387939  0.083374  0.298828  0.730957  0.694336  0.458496  0.608398  0.492676  0.631348  0.215942  0.834473  0.796875
  0.717773  0.870117  0.253174  0.831055  0.298096  0.222046  0.352295  0.939453  0.571289  0.243652  0.699219  0.855469  0.522461   0.35376  0.441406  0.921875
 0.0307617  0.970215  0.958984  0.622559 0.0977783  0.699219  0.315918   0.72168   0.19165  0.111511  0.194946  0.611328  0.442139   0.78125  0.623047  0.419189
[INFO]  Matrix B:
  0.650391  0.370605  0.605469  0.715332  0.465332  0.481201  0.642578  0.461182   0.37793   0.33667  0.012413  0.896973  0.491455  0.590332  0.255615  0.260986
 0.0419312  0.455566  0.709473  0.904785 0.0839233  0.767578 0.0429688  0.588867  0.204468   0.23291  0.601562   0.77002  0.110352  0.580566  0.125732  0.504883
  0.803711      0.25 0.0612488  0.318359  0.603027    0.2052  0.823242  0.343262  0.261719  0.992676  0.109558  0.638672  0.722656 0.0360413 0.0650024  0.835449
 0.0619507  0.733887  0.771973   0.48291  0.480713  0.143311  0.151245  0.813965  0.310547  0.939453  0.5986330.00763702  0.973145  0.434814  0.816406 0.0710449
  0.468994  0.509766  0.602539  0.108337  0.257812  0.944336  0.547852  0.198608  0.955078  0.283691  0.793457  0.210205  0.266113  0.728027  0.107361  0.662598
  0.645996   0.86084  0.340088  0.775879 0.0111847  0.791504  0.3422850.000770569  0.923828  0.487549  0.478271  0.468994  0.366943  0.455078  0.886719  0.411133
 0.0188599 0.0375671  0.734375 0.0398865  0.209473  0.849121    0.8125  0.405518  0.239746 0.0419312  0.765137  0.133911  0.699707  0.609375  0.339355   0.65918
  0.251221  0.271729  0.177246  0.746582 0.0840454  0.592773  0.457031  0.522461  0.884277  0.113525  0.945312  0.538086 0.04397580.00104618  0.298096  0.489258
  0.412842  0.298584  0.182373  0.166626  0.456055  0.727539  0.298584   0.72168  0.568359 0.0230713  0.600098  0.205322  0.848633  0.681641  0.890625  0.191284
  0.929199   0.82666  0.359375   0.67041  0.913574  0.457764   0.62207   0.62207  0.200562  0.086853  0.161743 0.0620117  0.181885  0.292725 0.0998535 0.0600586
  0.710938  0.209595  0.525879  0.252197  0.305176  0.770508  0.419678   0.57373  0.564941   0.35376 0.0279541  0.590332  0.311768  0.289795  0.570312  0.228638
  0.507812  0.679199   0.34668  0.522461  0.597656  0.708496  0.341064  0.675293  0.240845  0.891113 0.0794678  0.394531  0.301514  0.260498  0.250488  0.806641
  0.650391  0.354492  0.966797  0.325928  0.799805  0.320557  0.336426  0.813965  0.744629  0.741699  0.697754  0.227661  0.631836  0.432373  0.777832  0.150757
  0.880859  0.256348  0.819824   0.17688  0.469482  0.407959  0.955078  0.223511  0.927734  0.1195070.00505066 0.0110321  0.753906  0.067688  0.506836  0.736328
 0.0374756  0.166992 0.0256805  0.868652  0.759766  0.219849  0.459961  0.369141  0.269043  0.874023 0.0831909   0.30957  0.970703  0.688965       0.5  0.121887
  0.362061  0.272461 0.0202484   0.58252  0.973633  0.899414 0.0454712  0.545898  0.263916  0.606934  0.840332  0.294189  0.538574  0.536133  0.948242  0.366211
[INFO]  Matrix C:
  0.633301  0.313965  0.493408  0.904785  0.013382  0.222168  0.141479 0.0312805  0.107117  0.967285  0.398193 0.0969849  0.389404 0.0473328  0.410645   0.75293
  0.275879  0.315186  0.866211 0.0299988  0.097229  0.935059 0.0325317 0.0384216  0.709961  0.592285  0.738281  0.358154  0.665527  0.600098  0.817871  0.951172
   0.11853  0.765625  0.507324  0.477783   0.85791 0.0499268  0.820801   0.39502  0.550781  0.171753  0.354004  0.751465  0.103577   0.71582  0.414795  0.569336
 0.0860596  0.108826  0.160645 0.0948486  0.515625  0.174683  0.693848  0.711426  0.229858   0.48999  0.608398  0.782715  0.199829   0.81543  0.970703  0.299316
  0.975586  0.459717  0.657227   0.97998 0.0104141  0.363525 0.0092392  0.835449  0.469727  0.409668  0.180664  0.329346 0.0419922  0.496826  0.612305  0.571777
  0.456055  0.893066  0.707031 0.0999146  0.074646  0.600098  0.584961  0.733887  0.763672  0.827637  0.843262  0.127075  0.144409 0.0905762  0.427734  0.169556
  0.345947  0.864258   0.86377  0.710449  0.992188  0.179321  0.185547  0.272705  0.979492  0.700195    0.3479  0.609375  0.745605  0.332275  0.725586  0.407227
  0.344727  0.739746  0.512695  0.866699   0.94873   0.97168  0.225098  0.867188  0.217041  0.479248  0.740723  0.492432  0.387939 0.0561829  0.850586  0.374268
  0.606934   0.78418  0.149292 0.0241241  0.919922  0.630859  0.050415  0.906738  0.449463  0.671875  0.256104  0.343994  0.133179 0.0196533 0.0651245  0.490723
  0.873535  0.543945  0.694336 0.0232239   0.23999  0.599121  0.746094  0.274902  0.344971  0.468262  0.746582  0.359131   0.97168 0.0561829  0.884277  0.968262
  0.346436  0.402588   0.64502  0.845215 0.0246429 0.0105133 0.0651245  0.651855   0.26123  0.318848  0.340332   0.16333  0.943359 0.0139389   0.76416  0.333496
  0.910156  0.167358  0.910645  0.405273  0.425049  0.186401  0.373047   0.83252  0.197998  0.489502  0.699219   0.80127  0.437744   0.89209  0.093689 0.0648804
 0.0505066  0.907227  0.217529  0.278076  0.717773  0.881836  0.574219  0.413818  0.362793  0.108887  0.927734  0.303711  0.143311  0.708496 0.0626221  0.289307
  0.202271  0.888672  0.490234   0.69873  0.944824  0.358887  0.774414  0.811035  0.102844  0.444092  0.401611  0.376953 0.0597839  0.664551  0.668945  0.848633
  0.884277  0.676758  0.708984   0.80957  0.604004  0.973633   0.59668   0.67334   0.88623  0.876465 0.0922852  0.646973   0.28833  0.635254  0.239746  0.551758
  0.540527  0.347412  0.341064  0.631348  0.848633  0.249756  0.267578  0.567383  0.489258  0.509766  0.295166 0.0436401  0.771973  0.658203  0.501465   0.67041
[INFO]  Create stream success
[INFO]  Copy inputs success
[INFO]  Launch Gemm kernel success
[INFO]  Synchronize stream success
[INFO]  Copy output success
[INFO]  Matrix Output:
   9.79688   8.78906   8.76562   11.7891   9.50781   11.5781   7.78906   10.2344   9.19531    10.625   7.94922   8.35938   10.0547   8.54688   10.3359   7.85938
   6.99609     5.625   7.51562   5.83203   6.14844   9.72656   6.30078   7.09375   7.90625   6.00781    6.6875   5.60547   7.62891     6.375   7.15625   7.52734
   7.20312   7.95703   6.38672   8.47656   8.35938    9.9375   6.85547    8.4375   8.97656   6.20312   8.83594   6.01562   7.45312      7.75   8.64062   5.88672
   6.15625   5.76562   6.79297     6.875   7.25391   7.25781   6.48438      8.25   5.62109   6.73438   5.80078   5.89453   7.38672   6.59766   6.68359   5.09766
   9.95312   7.96484   8.42188   8.86719   7.74609   10.0312   8.15625   8.90625   9.57031   7.45312   6.14844   6.28516   8.55469   7.66406   8.57031   6.56641
   8.94531   6.57422   8.82031   6.64453    8.0625   11.5234   8.79688   9.03906    10.125   7.12109   9.22656   5.76172   8.65625   6.80469     9.125   7.73828
   6.48047   5.88281   7.33203   6.20312   6.95312   7.66797   6.62109   7.32812   7.47656   6.26172   6.20312   5.35547   9.03125   5.97266   8.08594   5.64062
   10.4766    8.9375   9.24219    9.1875   11.4297   12.1641   10.3438      9.75   10.0547   9.89062   8.89062   6.16016   11.7734   8.55469   10.3594   8.83594
   10.1875   8.24219   8.61719   9.07031   10.0469   10.6797   8.84375   9.98438   9.86719   8.32812   7.55078   7.17188   10.1328   7.74609   8.78906   7.66016
   7.43359   7.54297   7.95312     9.125   7.87891   10.3281   8.14062   9.21094         8   7.10547   8.32812   6.26562     9.125   7.33594   7.99219   7.53125
   5.26953   5.14453   6.63672   6.35156   5.70703   7.77734   5.26562   7.71875   6.83984   4.91406   7.78516   4.21484   7.79688   5.67578   7.55469   5.14062
   8.97656   7.07422   7.98047    9.0625   8.03906   12.2188   8.45312   9.36719     9.875   7.28516   9.07812   7.66016   9.17969   8.76562   9.44531   7.49219
   6.41406   7.22656   6.78125     8.125   7.41797   10.2656   7.05078   7.32422   6.56641   5.33594   7.25781   5.69531   7.01953   7.62891   6.51562   5.98828
   7.28906   6.37109   6.50781   8.53906   9.13281   9.42969   7.53906   8.96875       7.5   7.23047   6.92578   6.53125   7.92188   7.48438   8.03125   6.47266
   8.24219   7.97266   8.85156   10.2812   9.03906   11.7891   7.50391   10.7031   9.35156   9.29688       8.5     7.875   9.11719   8.17188     9.125   7.71484
   7.21484   6.72656   7.10938    8.9375   7.54688   8.52344   7.15234   7.91016   8.14844   8.67969   6.89844   6.04297    8.9375   6.15234   7.59766   8.08594
[INFO]  Write result success. file = result_files/matrix_c.bin
[INFO]  Run op success
[INFO]  Destory resource success
Process finished with exit code 0
