[INFO]  Set device[0] success
[INFO]  Init resource success
[INFO]  Init op input success
[INFO]  Prepare op input data success
[INFO]  Matrix A:
  0.636719   0.61377   0.51123  0.837891  0.149414  0.797363  0.415527 0.0705566  0.618164   0.71875  0.774414  0.410645  0.312256   0.18689  0.390137  0.205566
 0.0962524 0.0843506  0.477783  0.873535  0.327393  0.222656  0.622559  0.618652  0.749023  0.611328  0.695312  0.563965  0.216797 0.0913086  0.244263  0.780762
  0.555176  0.804688   0.41333  0.540527  0.609863  0.260742 0.0978394 0.0106659  0.212769  0.587891  0.735352  0.660156  0.672363  0.540527  0.812012  0.391113
  0.289062  0.258057  0.471924  0.692383   0.63916  0.808594  0.561523  0.020752  0.259766  0.873535  0.122681  0.317139   0.33667  0.541992 0.0205536 0.0349426
  0.601074 0.0921631   0.53418  0.661133  0.285645     0.875 0.0217743  0.400635  0.282227  0.244019   0.44873   0.45459  0.807129  0.890625  0.695312  0.929199
  0.675781  0.568848   0.95166  0.158936   0.94873  0.689453  0.601074   0.47168  0.287354  0.204834 0.0482483  0.150879  0.490479  0.959961  0.520996  0.463379
  0.569336  0.992188  0.506836  0.398926  0.172241  0.918945  0.602051  0.194824  0.637695 0.0195465  0.755859 0.0952759  0.631836  0.857422  0.554688   0.42334
  0.535645  0.297363  0.433838  0.898438  0.243408  0.467285  0.501465  0.967285  0.139526  0.200195  0.288818  0.540527  0.065918  0.296387  0.533203  0.513184
  0.927734  0.675293  0.220825  0.555664  0.577148  0.399414  0.819824  0.290039  0.530273  0.835938  0.680664   0.90918      0.75  0.840332  0.880371  0.662109
  0.498047  0.296143  0.458008  0.549316  0.120117 0.0812378  0.917969 0.0797729  0.557129 0.0162506  0.813965  0.916016  0.722656  0.480713  0.292725  0.877441
  0.728027  0.584473  0.171265  0.287354  0.286133  0.927734 0.0369568  0.353027  0.426758  0.897461  0.910156  0.934082 0.0161133  0.693359  0.435791  0.127686
  0.381104  0.507812  0.981445  0.262939  0.393311  0.656738  0.674805  0.402344  0.725098   0.30835   0.98877  0.619629  0.206909  0.523926  0.788574  0.598633
   0.57666  0.118774  0.217773  0.110229  0.558594 0.0876465  0.447754  0.759766  0.126831  0.447754  0.512695  0.356201  0.309814  0.677734   0.70166  0.334961
  0.5380860.00940704  0.648926  0.316162  0.328613  0.216064   0.19873 0.0871582  0.398193  0.148804  0.866699  0.706543  0.167603  0.145874  0.8081050.00417328
  0.311523  0.123962  0.488525  0.824219  0.119385  0.319092  0.889648 0.0497742  0.645508 0.0166931  0.837891  0.542969  0.711426   0.67334  0.332764  0.451904
  0.141968  0.281738  0.654785  0.359863   0.22583 0.0311584  0.722656  0.478271  0.359375   0.54248 0.0908203  0.173584  0.627441  0.675781  0.196777  0.912109
[INFO]  Matrix B:
  0.837891  0.779785 0.0749512  0.476562  0.705078   0.17981  0.322266  0.724121  0.201294   0.41748  0.727051  0.644531  0.333496  0.836914  0.683105  0.788574
  0.296875   0.65918  0.295898  0.380127  0.165894 0.0591431  0.569824  0.317871  0.822754  0.250488  0.942871  0.956543  0.380127  0.356445   0.44873  0.742676
  0.443115  0.173218  0.754883  0.452637  0.426025  0.953125  0.905273  0.592285  0.936523  0.859863  0.377197  0.506836  0.300537  0.394287  0.473145  0.494141
  0.163696  0.715332  0.024826   0.24353  0.425049  0.361572  0.287109  0.351562 0.0462341 0.0654297  0.677246  0.126099  0.184814  0.336182  0.372314  0.696777
  0.204102  0.361572  0.680176  0.508301  0.977539  0.699707   0.43457 0.0621948  0.126099  0.132568  0.540527  0.891113  0.536621  0.887207  0.465332  0.930664
  0.767578  0.110168  0.628906  0.535156  0.196045   0.80957  0.103333  0.918457  0.211426  0.126831  0.357178  0.626953  0.691406  0.664062  0.260986  0.737793
 0.0482788  0.326904  0.963867  0.521973  0.457031  0.150635  0.649902  0.645508  0.550781  0.104614  0.304199  0.271729  0.594238  0.252197  0.791016  0.451904
  0.888672  0.719727  0.424561  0.116577  0.754395   0.10675  0.503906  0.647461   0.12085  0.997559  0.257324  0.257324  0.291748  0.198242  0.314209  0.884277
  0.926758   0.61084  0.794434  0.145142  0.002388  0.771484  0.575195   0.33374  0.885254  0.681641  0.405762  0.717773  0.227417 0.0917969 0.0848999  0.284424
  0.269775  0.693359  0.342773  0.703613  0.167725  0.711426  0.483398  0.265625  0.441162  0.847168  0.177612  0.157715  0.799316    0.8125  0.201172  0.783691
  0.842285  0.109619   0.38623 0.0606384  0.567383  0.208618  0.822266 0.0301361  0.154907  0.599121 0.0718384 0.0359802  0.190063  0.767578  0.574707  0.919922
  0.978027 0.0556946  0.554688  0.307373  0.167236  0.376953  0.708008   0.21875  0.740234  0.469482  0.025589 0.0856323  0.133545  0.782227  0.714844  0.611328
 0.0329895 0.0997925  0.740234  0.215698  0.719238  0.500488  0.716797  0.699219 0.0942993  0.664551  0.743164  0.104309  0.959473  0.776367  0.771973  0.119202
  0.775391  0.513184  0.941895  0.859375 0.0151749  0.289551  0.422119  0.655273  0.411377  0.681152  0.654785  0.823242  0.978027 0.0158844  0.999023  0.566895
  0.299316  0.322998  0.937012  0.404053  0.658203 0.0960693  0.307129  0.850586   0.14563  0.188843 0.0260162  0.653809  0.541992   0.88916  0.320801  0.778809
  0.626953  0.526855  0.406982 0.0687866  0.824707   0.87207  0.391846  0.536621  0.435059  0.207642  0.660645 0.0611572  0.909668 0.0753784  0.326904  0.818359
[INFO]  Matrix C:
  0.943848  0.332031  0.905273  0.839844  0.617676  0.120972  0.235962  0.351318  0.708496  0.439697  0.683105  0.453613  0.666992  0.602051  0.790039   0.65918
  0.059082  0.732422  0.133057  0.779785  0.313477  0.799316  0.844727      0.75  0.538574  0.725586  0.336182  0.739746  0.549316  0.117432  0.546875  0.716797
 0.0377502  0.811523  0.463623  0.235962  0.407227  0.772949 0.0317078  0.612793  0.641113   0.75293  0.600098  0.363525  0.990234  0.472412  0.841797  0.887695
  0.526855  0.399902  0.383301  0.817383   0.47876   0.13501  0.623047 0.0991821 0.0960083    0.9375  0.524414   0.51709  0.364258  0.898438  0.746582  0.960449
  0.800781  0.673828   0.12439  0.774902  0.905762   0.33667  0.970215  0.599121  0.161743  0.748047   0.73584  0.624512  0.812012  0.564941  0.738281  0.130981
  0.295898   0.41748  0.839844  0.957031  0.597168  0.514648 0.0742188  0.275879  0.374756  0.967285  0.747559  0.578613  0.797363  0.509277  0.283447  0.273926
  0.457031  0.361816  0.409668  0.275635  0.392822  0.154297  0.805664  0.768555  0.472168  0.700684  0.609375     0.625  0.327393  0.367188  0.062439  0.712402
  0.321533  0.854004  0.639648  0.661621      0.75  0.182007  0.354736  0.480469  0.418213   0.11261  0.207153  0.378174  0.305176  0.734863  0.450928  0.324219
 0.0171509  0.568359  0.477051  0.646484  0.963379   0.65332  0.407959  0.296631  0.375732  0.712891  0.907715  0.598633  0.480469  0.235352  0.315186  0.523926
 0.0830688  0.709473  0.320068  0.552734  0.806641  0.596191 0.0738525  0.873535  0.437256  0.597168  0.401855  0.686035  0.968262  0.240112  0.255371  0.447021
  0.350586  0.737305  0.282715 0.0509949  0.650391  0.907227  0.814941  0.585449  0.232544  0.611328 0.0509949  0.812988  0.921875  0.203247  0.431641  0.385254
  0.177856  0.272217  0.552246  0.938965  0.419922  0.321777  0.650391   0.73584   0.26123  0.891113  0.449219  0.888672  0.326416  0.824707  0.725586  0.394043
  0.832031  0.796875  0.802734  0.334717   0.53125  0.321045  0.122314  0.662109  0.561523  0.409668  0.173584  0.919434  0.323242  0.529785  0.2824710.00720215
  0.272461  0.822754  0.490479 0.0817261  0.735352   0.11377  0.483398  0.402588  0.386475  0.314697  0.375488  0.260254  0.263428  0.289307  0.847656  0.554199
  0.464355  0.256592  0.221313  0.152344  0.996094  0.623047  0.623047  0.278564  0.558105  0.182739  0.114807  0.621582  0.292236  0.481934  0.672363  0.990234
  0.827637  0.641602  0.345947  0.378174  0.643555  0.808594 0.0750122  0.869629  0.588379  0.884766  0.285645  0.996094  0.478027   0.26709 0.0588989 0.0111618
[INFO]  Create stream success
[INFO]  Copy inputs success
[INFO]  Launch Gemm kernel success
[INFO]  Synchronize stream success
[INFO]  Copy output success
[INFO]  Matrix Output:
         9   6.85547   8.48438   6.57812   6.52734   7.10547   7.92578   7.55469   6.94141   7.01172   7.19531   6.85547   7.57031   8.96094    7.6875   10.8359
   7.89062   7.08984   7.76953   5.22266   6.96875   7.94531   8.67969   6.96875   6.48438   7.53906   5.82812   5.27344    7.0625   6.71094    6.8125   10.4453
   7.76562   7.16797   8.92188   6.33203   7.62109   7.34766   8.27344   7.73047   6.63672   7.55859   7.66797   7.44141   8.99219   9.86719    8.9375    11.625
   6.10156   5.64844   7.35547   6.77344   5.19922   6.69531   6.60156   6.08203   4.99609   6.23047   6.16016   6.21094   7.21484   7.63672   6.88281   9.07031
   10.0391   7.19141     9.375   6.89453   8.71094   8.35938   8.67969   9.83594   5.60156   8.10156   8.26562   7.35938   10.1719   8.85156   9.03906   10.9453
    8.4375   7.25781   11.1328   8.22656   8.42969   8.30469   8.21094   9.32031   7.05078   8.25781    8.8125   9.59375   10.0156   8.47656    8.9375   11.0391
   9.35156   7.09766   10.2344   6.67578   7.10156   7.05469   9.20312   9.77344   7.33984   7.67969   8.82812   9.07031   9.09375   8.11719   8.66406   11.2891
   7.99609   7.28906   7.55859   5.45312   7.54297   5.60547   6.94531   7.76953   5.23438   6.07812    5.9375   5.73438   6.40625   7.25781   6.98047   10.2031
   10.8594   9.57031   12.3203   8.99219   10.3438    9.1875   11.1094   10.5547   8.51562   9.84375   10.0156   9.57812   11.5859   11.6797   11.3828   14.4609
   8.35938     6.375   9.17188   5.46094   7.81641   7.17578     8.875   8.07812   7.11719   7.13672    7.0625   5.80469   8.45312   7.43359   8.88281   9.77344
   10.4688   7.25781   8.21875   6.52734   6.22656   7.50391   8.42188   7.69531   6.44922   8.11719     5.875   7.84375   8.21875   9.30469   7.94531   11.6719
   10.4609   7.01953   11.4844   7.46094   8.21094     8.625   10.4922   9.54688   8.32812   9.21094   7.26562   8.83594      8.75   9.79688   9.39062   12.4297
   7.80469   6.38672   8.29688   5.39062   7.14062   4.99609   6.57422   7.08594   4.67969   6.73828    5.0625    6.4375   7.01953   7.35547   7.01953   9.01562
   6.88672    4.5625   6.97656   3.97656   5.94531   4.79688   6.76562   5.49609   4.82031   5.50781   3.79297   4.85156   4.50391   7.37891   6.43359   8.14844
   8.01562   5.64453   9.03906   5.23047   7.20703   6.97266      8.75    7.4375   6.43359   6.44922   6.44141   5.91797   7.49609   7.20312    8.8125   9.67188
   6.79297   6.44531   8.20312   5.32812   6.66797   7.23047   7.14062   7.60547   6.27734   7.37891   6.49609   5.89062      8.25   5.30078   6.73828   7.91797
[INFO]  Write result success. file = result_files/matrix_c.bin
[INFO]  Run op success
[INFO]  Destory resource success
Process finished with exit code 0
